<?xml version="1.0" encoding="UTF-8"?>
<!-- Generated by org.testng.reporters.JUnitReportReporter -->
<testsuite hostname="DESKTOP-BAQS1II" failures="0" tests="1" name="com.uiautomation.testcase.RequestDemoTestCase" time="32.525" errors="0" timestamp="2023-02-08T02:53:56 IST" skipped="0">
  <testcase classname="com.uiautomation.testcase.RequestDemoTestCase" name="verifyRequestDemo" time="32.525"/>
  <system-out/>
</testsuite> <!-- com.uiautomation.testcase.RequestDemoTestCase -->
