<?xml version="1.0" encoding="UTF-8"?>
<!-- Generated by org.testng.reporters.JUnitReportReporter -->
<testsuite hostname="DESKTOP-BAQS1II" failures="0" tests="1" name="com.uiautomation.testcase.RequestDemoTestCase_Chrome2" time="192.205" errors="0" timestamp="2023-02-09T22:52:00 IST" skipped="0">
  <testcase classname="com.uiautomation.testcase.RequestDemoTestCase_Chrome2" name="verifyRequestDemo" time="192.205"/>
  <system-out/>
</testsuite> <!-- com.uiautomation.testcase.RequestDemoTestCase_Chrome2 -->
