<?xml version="1.0" encoding="UTF-8"?>
<!-- Generated by org.testng.reporters.JUnitReportReporter -->
<testsuite hostname="DESKTOP-BAQS1II" failures="0" tests="1" name="com.uiautomation.testcase.RequestDemoTestCase_FireFox" time="34.145" errors="0" timestamp="2023-02-11T00:07:37 IST" skipped="0">
  <testcase classname="com.uiautomation.testcase.RequestDemoTestCase_FireFox" name="verifyRequestDemo" time="34.145"/>
  <system-out/>
</testsuite> <!-- com.uiautomation.testcase.RequestDemoTestCase_FireFox -->
