<?xml version="1.0" encoding="UTF-8"?>
<!-- Generated by org.testng.reporters.JUnitReportReporter -->
<testsuite hostname="DESKTOP-BAQS1II" failures="0" tests="1" name="com.uiautomation.testcase.RequestDemoTestCase_FireFox" time="36.637" errors="0" timestamp="2023-02-16T16:09:58 IST" skipped="0">
  <testcase classname="com.uiautomation.testcase.RequestDemoTestCase_FireFox" name="verifyRequestDemo" time="36.637"/>
  <system-out/>
</testsuite> <!-- com.uiautomation.testcase.RequestDemoTestCase_FireFox -->
