<?xml version="1.0" encoding="UTF-8"?>
<!-- Generated by org.testng.reporters.JUnitReportReporter -->
<testsuite hostname="DESKTOP-BAQS1II" failures="0" tests="1" name="com.uiautomation.testcase.RequestDemoTestCase_Chrome" time="49.057" errors="0" timestamp="2023-02-12T18:52:40 IST" skipped="0">
  <testcase classname="com.uiautomation.testcase.RequestDemoTestCase_Chrome" name="verifyRequestDemo" time="49.057"/>
  <system-out/>
</testsuite> <!-- com.uiautomation.testcase.RequestDemoTestCase_Chrome -->
