<?xml version="1.0" encoding="UTF-8"?>
<!-- Generated by org.testng.reporters.JUnitReportReporter -->
<testsuite hostname="DESKTOP-CNHSPHG" failures="0" tests="1" name="com.uiautomation.testcase.RequestDemoTestCase" time="44.663" errors="0" timestamp="2022-11-24T13:39:22 IST" skipped="0">
  <testcase classname="com.uiautomation.testcase.RequestDemoTestCase" name="verifyRequestDemo" time="44.663"/>
  <system-out/>
</testsuite> <!-- com.uiautomation.testcase.RequestDemoTestCase -->
