<?xml version="1.0" encoding="UTF-8"?>
<!-- Generated by org.testng.reporters.JUnitReportReporter -->
<testsuite hostname="DESKTOP-CNHSPHG" failures="0" tests="1" name="com.AutomationTalks.demoproject.AppTest" time="0.006" errors="0" timestamp="2022-11-26T20:43:35 IST" skipped="0">
  <testcase classname="com.AutomationTalks.demoproject.AppTest" name="shouldAnswerWithTrue" time="0.006"/>
  <system-out/>
</testsuite> <!-- com.AutomationTalks.demoproject.AppTest -->
